  maze.cpp
c:\users\boxer\source\repos\mazegame\mazegame\maze.cpp(8): warning C4267: 'initializing': conversion from 'size_t' to 'int', possible loss of data
c:\users\boxer\source\repos\mazegame\mazegame\maze.cpp(9): warning C4244: '=': conversion from 'int' to 'float', possible loss of data
  Main.cpp
c:\users\boxer\source\repos\mazegame\mazegame\main.cpp(59): warning C4244: 'argument': conversion from 'float' to 'const unsigned __int64', possible loss of data
c:\users\boxer\source\repos\mazegame\mazegame\main.cpp(59): warning C4244: 'argument': conversion from 'float' to 'int', possible loss of data
c:\users\boxer\source\repos\mazegame\mazegame\main.cpp(60): warning C4244: 'argument': conversion from 'float' to 'const unsigned __int64', possible loss of data
c:\users\boxer\source\repos\mazegame\mazegame\main.cpp(109): warning C4244: 'argument': conversion from 'float' to 'const unsigned __int64', possible loss of data
c:\users\boxer\source\repos\mazegame\mazegame\main.cpp(110): warning C4244: 'argument': conversion from 'float' to 'const unsigned __int64', possible loss of data
c:\users\boxer\source\repos\mazegame\mazegame\main.cpp(112): warning C4244: 'argument': conversion from 'float' to 'const unsigned __int64', possible loss of data
c:\users\boxer\source\repos\mazegame\mazegame\main.cpp(117): warning C4244: 'argument': conversion from 'float' to 'const unsigned __int64', possible loss of data
c:\users\boxer\source\repos\mazegame\mazegame\main.cpp(118): warning C4244: 'argument': conversion from 'float' to 'const unsigned __int64', possible loss of data
c:\users\boxer\source\repos\mazegame\mazegame\main.cpp(121): warning C4244: 'argument': conversion from 'float' to 'const unsigned __int64', possible loss of data
c:\users\boxer\source\repos\mazegame\mazegame\main.cpp(122): warning C4244: 'argument': conversion from 'float' to 'const unsigned __int64', possible loss of data
c:\users\boxer\source\repos\mazegame\mazegame\main.cpp(123): warning C4244: 'argument': conversion from 'float' to 'const unsigned __int64', possible loss of data
c:\users\boxer\source\repos\mazegame\mazegame\main.cpp(126): warning C4244: 'argument': conversion from 'float' to 'const unsigned __int64', possible loss of data
c:\users\boxer\source\repos\mazegame\mazegame\main.cpp(128): warning C4244: 'argument': conversion from 'float' to 'const unsigned __int64', possible loss of data
c:\users\boxer\source\repos\mazegame\mazegame\main.cpp(129): warning C4244: 'argument': conversion from 'float' to 'const unsigned __int64', possible loss of data
c:\users\boxer\source\repos\mazegame\mazegame\main.cpp(131): warning C4244: 'argument': conversion from 'float' to 'const unsigned __int64', possible loss of data
c:\users\boxer\source\repos\mazegame\mazegame\main.cpp(138): warning C4244: 'argument': conversion from 'float' to 'const unsigned __int64', possible loss of data
  Player.cpp
c:\users\boxer\source\repos\mazegame\mazegame\player.cpp(5): warning C4244: 'argument': conversion from 'int' to 'T', possible loss of data
          with
          [
              T=float
          ]
c:\users\boxer\source\repos\mazegame\mazegame\player.cpp(6): warning C4305: '=': truncation from 'double' to 'float'
  Generating Code...
  mazeGame.vcxproj -> C:\Users\boxer\source\repos\mazeGame\x64\Debug\mazeGame.exe
